<?xml version="1.0" encoding="UTF-8"?>
<!-- Generated by org.testng.reporters.JUnitReportReporter -->
<testsuite skipped="0" hostname="SunnyBunny-PC" name="seleniumtestfw.webdriver.SmokeTest" tests="4" failures="0" timestamp="03 Jan 2019 19:00:02 GMT" time="12.104" errors="0">
  <testcase name="VerifyGmail" time="2.237" classname="seleniumtestfw.webdriver.SmokeTest"/>
  <testcase name="GmailLogin" time="9.209" classname="seleniumtestfw.webdriver.SmokeTest"/>
  <testcase name="clickgoogleapps" time="0.535" classname="seleniumtestfw.webdriver.SmokeTest"/>
  <testcase name="googleapps" time="0.123" classname="seleniumtestfw.webdriver.SmokeTest"/>
</testsuite> <!-- seleniumtestfw.webdriver.SmokeTest -->
