<?xml version="1.0" encoding="UTF-8"?>
<!-- Generated by org.testng.reporters.JUnitReportReporter -->
<testsuite skipped="0" hostname="SunnyBunny-PC" name="seleniumtestfw.webdriver.SmokeTest" tests="3" failures="0" timestamp="25 Dec 2018 22:28:52 GMT" time="10.053" errors="0">
  <testcase name="VerifyGmail" time="1.985" classname="seleniumtestfw.webdriver.SmokeTest"/>
  <testcase name="GmailLogin" time="7.506" classname="seleniumtestfw.webdriver.SmokeTest"/>
  <testcase name="googleapps" time="0.562" classname="seleniumtestfw.webdriver.SmokeTest"/>
</testsuite> <!-- seleniumtestfw.webdriver.SmokeTest -->
