<?xml version="1.0" encoding="UTF-8"?>
<!-- Generated by org.testng.reporters.JUnitReportReporter -->
<testsuite skipped="0" hostname="SunnyBunny-PC" name="seleniumtestfw.webdriver.Config" tests="1" failures="0" timestamp="15 Dec 2018 23:25:55 GMT" time="0.022" errors="0">
  <testcase name="testConfig" time="0.022" classname="seleniumtestfw.webdriver.Config"/>
</testsuite> <!-- seleniumtestfw.webdriver.Config -->
